CRITICAL - 2023-03-26 22:34:29 --> Undefined variable $datatamu
in APPPATH\Views\list_bukutamu.php on line 33.
 1 APPPATH\Views\list_bukutamu.php(33): CodeIgniter\Debug\Exceptions->errorHandler(2, 'Undefined variable $datatamu', 'D:\\www\\starter\\app\\Views\\list_bukutamu.php', 33)
 2 SYSTEMPATH\View\View.php(213): include('D:\\www\\starter\\app\\Views\\list_bukutamu.php')
 3 SYSTEMPATH\View\View.php(216): CodeIgniter\View\View->CodeIgniter\View\{closure}()
 4 SYSTEMPATH\Common.php(1184): CodeIgniter\View\View->render('list_bukutamu', [], true)
 5 APPPATH\Controllers\Home.php(38): view('list_bukutamu')
 6 SYSTEMPATH\CodeIgniter.php(934): App\Controllers\Home->add_bukutamu()
 7 SYSTEMPATH\CodeIgniter.php(499): CodeIgniter\CodeIgniter->runController(Object(App\Controllers\Home))
 8 SYSTEMPATH\CodeIgniter.php(368): CodeIgniter\CodeIgniter->handleRequest(null, Object(Config\Cache), false)
 9 FCPATH\index.php(67): CodeIgniter\CodeIgniter->run()
10 SYSTEMPATH\Commands\Server\rewrite.php(47): require_once('D:\\www\\starter\\public\\index.php')
CRITICAL - 2023-03-26 22:39:23 --> Undefined variable $request
in APPPATH\Controllers\Home.php on line 28.
 1 APPPATH\Controllers\Home.php(28): CodeIgniter\Debug\Exceptions->errorHandler(2, 'Undefined variable $request', 'D:\\www\\starter\\app\\Controllers\\Home.php', 28)
 2 SYSTEMPATH\CodeIgniter.php(934): App\Controllers\Home->add_bukutamu()
 3 SYSTEMPATH\CodeIgniter.php(499): CodeIgniter\CodeIgniter->runController(Object(App\Controllers\Home))
 4 SYSTEMPATH\CodeIgniter.php(368): CodeIgniter\CodeIgniter->handleRequest(null, Object(Config\Cache), false)
 5 FCPATH\index.php(67): CodeIgniter\CodeIgniter->run()
 6 SYSTEMPATH\Commands\Server\rewrite.php(47): require_once('D:\\www\\starter\\public\\index.php')
